<?xml version="1.0" encoding="UTF-8"?>
<!-- Generated by org.testng.reporters.JUnitReportReporter -->
<testsuite skipped="0" hostname="pooja" name="Script.users" tests="2" failures="0" timestamp="21 Mar 2019 03:22:56 GMT" time="167.862" errors="0">
  <testcase name="test3" time="83.373" classname="Script.users"/>
  <testcase name="test3" time="84.489" classname="Script.users"/>
</testsuite> <!-- Script.users -->
